     0>C:\Users\User\Documents\Ponts 2015-2016\MOPSI\Projet\fluidsGL\fluidsGL_vs2013.vcxproj(37,5): warning MSB4011: impossible d'importer "C:\Program Files (x86)\MSBuild\Microsoft.Cpp\v4.0\V120\BuildCustomizations\CUDA 7.5.props" à nouveau. Il a déjà été importé à "C:\Users\User\Documents\Ponts 2015-2016\MOPSI\Projet\fluidsGL\fluidsGL_vs2013.vcxproj (36,5)". Il s'agit d'une erreur de création de build. Cette importation sera ignorée. 
     0>C:\Users\User\Documents\Ponts 2015-2016\MOPSI\Projet\fluidsGL\fluidsGL_vs2013.vcxproj(120,5): warning MSB4011: impossible d'importer "C:\Program Files (x86)\MSBuild\Microsoft.Cpp\v4.0\V120\BuildCustomizations\CUDA 7.5.targets" à nouveau. Il a déjà été importé à "C:\Users\User\Documents\Ponts 2015-2016\MOPSI\Projet\fluidsGL\fluidsGL_vs2013.vcxproj (119,5)". Il s'agit d'une erreur de création de build. Cette importation sera ignorée. 
La génération a démarré 23/02/2016 22:02:23.
     1>Projet "C:\Users\User\Documents\Ponts 2015-2016\MOPSI\Projet\fluidsGL\fluidsGL_vs2013.vcxproj" sur le nœud 2 (Build cible(s)).
     1>ClCompile:
         C:\Program Files (x86)\Microsoft Visual Studio 12.0\VC\bin\x86_amd64\CL.exe /c /I./ /I"C:\Program Files\NVIDIA GPU Computing Toolkit\CUDA\v7.5\/include" /I../../common/inc /I"C:\Program Files\NVIDIA GPU Computing Toolkit\CUDA\v7.5\include" /Zi /nologo /W3 /WX- /Od /D WIN32 /D _MBCS /D _MBCS /Gm /EHsc /RTC1 /MTd /GS /fp:precise /Zc:wchar_t /Zc:forScope /Fo"x64/Debug/" /Fd"x64/Debug/vc120.pdb" /Gd /TP /errorReport:prompt fluidsGL.cpp
         fluidsGL.cpp
     1>C:\Program Files (x86)\Microsoft Visual Studio 12.0\VC\include\xutility(2904): warning C4244: 'initialisation' : conversion de '__int64' en 'ptrdiff_t', perte possible de données
     1>C:\Program Files (x86)\Microsoft Visual Studio 12.0\VC\include\xutility(2905): warning C4244: 'initialisation' : conversion de '__int64' en 'ptrdiff_t', perte possible de données
     1>C:\Program Files (x86)\Microsoft Visual Studio 12.0\VC\include\xstring(1297): warning C4267: 'argument' : conversion de 'size_t' en 'int', perte possible de données
                 C:\Program Files (x86)\Microsoft Visual Studio 12.0\VC\include\xstring(1294) : lors de la compilation de la fonction membre 'std::_String_iterator<std::_String_val<std::_Simple_types<char>>> std::basic_string<char,std::char_traits<char>,std::allocator<char>>::insert(std::_String_const_iterator<std::_String_val<std::_Simple_types<char>>>,_Elem)' de la classe modèle
                 with
                 [
                     _Elem=char
                 ]
                 C:\Program Files (x86)\Microsoft Visual Studio 12.0\VC\include\xstring(1709) : voir la référence à l'instanciation de la fonction modèle 'std::_String_iterator<std::_String_val<std::_Simple_types<char>>> std::basic_string<char,std::char_traits<char>,std::allocator<char>>::insert(std::_String_const_iterator<std::_String_val<std::_Simple_types<char>>>,_Elem)' en cours de compilation
                 with
                 [
                     _Elem=char
                 ]
                 C:\Program Files (x86)\Microsoft Visual Studio 12.0\VC\include\stdexcept(31) : voir la référence à l'instanciation de la classe modèle 'std::basic_string<char,std::char_traits<char>,std::allocator<char>>' en cours de compilation
     1>C:\Program Files (x86)\Microsoft Visual Studio 12.0\VC\include\xstring(204): warning C4244: 'return' : conversion de '__int64' en 'int', perte possible de données
                 C:\Program Files (x86)\Microsoft Visual Studio 12.0\VC\include\xstring(202) : lors de la compilation de la fonction membre 'int std::_String_const_iterator<std::_String_val<std::_Simple_types<char>>>::operator -(const std::_String_const_iterator<std::_String_val<std::_Simple_types<char>>> &) const' de la classe modèle
                 C:\Program Files (x86)\Microsoft Visual Studio 12.0\VC\include\xstring(2267) : voir la référence à l'instanciation de la fonction modèle 'int std::_String_const_iterator<std::_String_val<std::_Simple_types<char>>>::operator -(const std::_String_const_iterator<std::_String_val<std::_Simple_types<char>>> &) const' en cours de compilation
                 C:/ProgramData/NVIDIA Corporation/CUDA Samples/v7.5/common/inc/helper_string.h(461) : voir la référence à l'instanciation de la classe modèle 'std::_String_const_iterator<std::_String_val<std::_Simple_types<char>>>' en cours de compilation
       Link:
         C:\Program Files (x86)\Microsoft Visual Studio 12.0\VC\bin\x86_amd64\link.exe /ERRORREPORT:PROMPT /OUT:"../../bin/win64/Debug//fluidsGL.exe" /INCREMENTAL /NOLOGO /LIBPATH:"C:\Program Files\NVIDIA GPU Computing Toolkit\CUDA\v7.5\lib\x64" /LIBPATH:../../common/lib/x64 glew64.lib cufft.lib cudart_static.lib freeglut.lib kernel32.lib user32.lib gdi32.lib winspool.lib comdlg32.lib advapi32.lib shell32.lib ole32.lib oleaut32.lib uuid.lib odbc32.lib odbccp32.lib kernel32.lib user32.lib gdi32.lib winspool.lib comdlg32.lib advapi32.lib shell32.lib ole32.lib oleaut32.lib uuid.lib odbc32.lib odbccp32.lib /MANIFEST /MANIFESTUAC:"level='asInvoker' uiAccess='false'" /manifest:embed /DEBUG /PDB:"../../bin/win64/Debug/fluidsGL.pdb" /SUBSYSTEM:CONSOLE /TLBID:1 /DYNAMICBASE /NXCOMPAT /IMPLIB:"../../bin/win64/Debug/fluidsGL.lib" /MACHINE:X64 x64/Debug/fluidsGL_kernels.cu.obj
         x64/Debug/fluidsGL.obj
     1>LINK : fatal error LNK1104: impossible d'ouvrir le fichier 'glew64.lib'
     1>Génération du projet "C:\Users\User\Documents\Ponts 2015-2016\MOPSI\Projet\fluidsGL\fluidsGL_vs2013.vcxproj" terminée (Build cible(s)) -- ÉCHEC.

ÉCHEC de la build.

Temps écoulé 00:00:03.94
