La génération a démarré 14/03/2016 22:51:08.
     1>Projet "C:\Users\User\Documents\Ponts 2015-2016\MOPSI\Projet\border\Debug\fluids.vcxproj" sur le nœud 2 (Build cible(s)).
     1>ClCompile:
         C:\Program Files (x86)\Microsoft Visual Studio 12.0\VC\bin\CL.exe /c /I"C:\Program Files (x86)\Imagine++\include" /IC:\Qt\Qt5.3.2\5.3\msvc2013_opengl\include /IC:\Qt\Qt5.3.2\5.3\msvc2013_opengl\include\QtCore /I"C:\Qt\Qt5.3.2\5.3\msvc2013_opengl\mkspecs\win32-msvc2013" /IC:\Qt\Qt5.3.2\5.3\msvc2013_opengl\include\QtWidgets /IC:\Qt\Qt5.3.2\5.3\msvc2013_opengl\include\QtGui /IC:\Qt\Qt5.3.2\5.3\msvc2013_opengl\include\QtOpenGL /nologo /W3 /WX- /O2 /Ob2 /Oy- /D WIN32 /D _WINDOWS /D NDEBUG /D "SRCDIR=C:/Users/User/Documents/Ponts 2015-2016/MOPSI/Projet/border" /D QT_CORE_LIB /D QT_NO_DEBUG /D QT_WIDGETS_LIB /D QT_GUI_LIB /D QT_OPENGL_LIB /D "CMAKE_INTDIR=\"Release\"" /D _MBCS /Gm- /EHsc /MD /GS /fp:precise /Zc:wchar_t /Zc:forScope /GR /Fo"fluids.dir\Release\\" /Fd"fluids.dir\Release\vc120.pdb" /Gd /TP /analyze- /errorReport:prompt ..\main.cpp
         main.cpp
     1>..\main.cpp(15): warning C4305: 'initialisation' : troncation de 'double' à 'const float'
     1>..\main.cpp(17): warning C4305: 'initialisation' : troncation de 'double' à 'const float'
     1>..\main.cpp(18): warning C4305: 'initialisation' : troncation de 'double' à 'const float'
     1>..\main.cpp(42): warning C4244: '=' : conversion de 'double' en 'float', perte possible de données
     1>..\main.cpp(43): warning C4244: '=' : conversion de 'double' en 'float', perte possible de données
     1>..\main.cpp(44): warning C4244: '=' : conversion de 'double' en 'float', perte possible de données
     1>..\main.cpp(45): warning C4244: '=' : conversion de 'double' en 'float', perte possible de données
     1>..\main.cpp(103): warning C4244: '=' : conversion de 'double' en 'float', perte possible de données
     1>..\main.cpp(119): warning C4244: '-=' : conversion de 'double' en 'float', perte possible de données
     1>..\main.cpp(120): warning C4244: '-=' : conversion de 'double' en 'float', perte possible de données
     1>..\main.cpp(153): warning C4101: 't' : variable locale non référencée
     1>..\main.cpp(182): warning C4244: 'argument' : conversion de 'time_t' en 'unsigned int', perte possible de données
     1>..\main.cpp(184): warning C4244: '=' : conversion de 'int' en 'float', perte possible de données
       Link:
         C:\Program Files (x86)\Microsoft Visual Studio 12.0\VC\bin\link.exe /ERRORREPORT:PROMPT /OUT:"C:\Users\User\Documents\Ponts 2015-2016\MOPSI\Projet\border\Debug\Release\fluids.exe" /INCREMENTAL:NO /NOLOGO /LIBPATH:"C:/Program Files (x86)/Imagine++/lib" kernel32.lib user32.lib gdi32.lib winspool.lib shell32.lib ole32.lib oleaut32.lib uuid.lib comdlg32.lib advapi32.lib ImagineGraphics.lib C:\Qt\Qt5.3.2\5.3\msvc2013_opengl\lib\Qt5Core.lib C:\Qt\Qt5.3.2\5.3\msvc2013_opengl\lib\Qt5Widgets.lib C:\Qt\Qt5.3.2\5.3\msvc2013_opengl\lib\Qt5Gui.lib C:\Qt\Qt5.3.2\5.3\msvc2013_opengl\lib\Qt5OpenGL.lib glu32.lib opengl32.lib C:\Qt\Qt5.3.2\5.3\msvc2013_opengl\lib\Qt5Widgets.lib C:\Qt\Qt5.3.2\5.3\msvc2013_opengl\lib\Qt5Gui.lib C:\Qt\Qt5.3.2\5.3\msvc2013_opengl\lib\Qt5Core.lib /MANIFEST /MANIFESTUAC:"level='asInvoker' uiAccess='false'" /manifest:embed /PDB:"C:/Users/User/Documents/Ponts 2015-2016/MOPSI/Projet/border/Debug/Release/fluids.pdb" /SUBSYSTEM:CONSOLE /TLBID:1 /DYNAMICBASE /NXCOMPAT /IMPLIB:"C:/Users/User/Documents/Ponts 2015-2016/MOPSI/Projet/border/Debug/Release/fluids.lib" /MACHINE:X86 /SAFESEH  /machine:X86 fluids.dir\Release\main.obj
         fluids.vcxproj -> C:\Users\User\Documents\Ponts 2015-2016\MOPSI\Projet\border\Debug\Release\fluids.exe
     1>Génération du projet "C:\Users\User\Documents\Ponts 2015-2016\MOPSI\Projet\border\Debug\fluids.vcxproj" terminée (Build cible(s)).

La génération a réussi.

Temps écoulé 00:00:01.51
